<?xml version="1.0" encoding="UTF-8"?>
<!-- Generated by org.testng.reporters.JUnitReportReporter -->
<testsuite hostname="Harinath-LP" failures="0" tests="1" name="test.LoginTest" time="54.365" errors="0" timestamp="2025-05-16T21:30:16 IST" skipped="0">
  <testcase classname="test.LoginTest" name="testValidLogin" time="54.365"/>
</testsuite> <!-- test.LoginTest -->
